# JRE version: Java(TM) SE Runtime Environment (8.0_191-b12) (build 1.8.0_191-b12)
# Java VM: Java HotSpot(TM) Client VM (25.191-b12 mixed mode windows-x86 )
Heap:
 def new generation   total 157248K, used 17729K [0x05a00000, 0x104a0000, 0x104a0000)
  eden space 139776K,  12% used [0x05a00000, 0x06b504a8, 0x0e280000)
  from space 17472K,   0% used [0x0e280000, 0x0e280000, 0x0f390000)
  to   space 17472K,   0% used [0x0f390000, 0x0f390000, 0x104a0000)
 tenured generation   total 349568K, used 261369K [0x104a0000, 0x25a00000, 0x25a00000)
   the space 349568K,  74% used [0x104a0000, 0x203de730, 0x203de800, 0x25a00000)
 Metaspace       used 22168K, capacity 22697K, committed 22912K, reserved 22912K
GC Heap History (10 events):
Event: 5252.140 GC heap before
{Heap before GC invocations=591 (full 10):
 def new generation   total 157248K, used 139776K [0x05a00000, 0x104a0000, 0x104a0000)
  eden space 139776K, 100% used [0x05a00000, 0x0e280000, 0x0e280000)
  from space 17472K,   0% used [0x0f390000, 0x0f390000, 0x104a0000)
  to   space 17472K,   0% used [0x0e280000, 0x0e280000, 0x0f390000)
 tenured generation   total 349568K, used 188700K [0x104a0000, 0x25a00000, 0x25a00000)
   the space 349568K,  53% used [0x104a0000, 0x1bce7208, 0x1bce7400, 0x25a00000)
 Metaspace       used 22168K, capacity 22697K, committed 22912K, reserved 22912K
Event: 5252.185 GC heap after
Heap after GC invocations=592 (full 10):
 def new generation   total 157248K, used 17471K [0x05a00000, 0x104a0000, 0x104a0000)
  eden space 139776K,   0% used [0x05a00000, 0x05a00000, 0x0e280000)
  from space 17472K,  99% used [0x0e280000, 0x0f38fff8, 0x0f390000)
  to   space 17472K,   0% used [0x0f390000, 0x0f390000, 0x104a0000)
 tenured generation   total 349568K, used 196591K [0x104a0000, 0x25a00000, 0x25a00000)
   the space 349568K,  56% used [0x104a0000, 0x1c49bf60, 0x1c49c000, 0x25a00000)
 Metaspace       used 22168K, capacity 22697K, committed 22912K, reserved 22912K
}
Event: 5264.825 GC heap before
{Heap before GC invocations=592 (full 10):
 def new generation   total 157248K, used 155076K [0x05a00000, 0x104a0000, 0x104a0000)
  eden space 139776K,  98% used [0x05a00000, 0x0e061080, 0x0e280000)
  from space 17472K,  99% used [0x0e280000, 0x0f38fff8, 0x0f390000)
  to   space 17472K,   0% used [0x0f390000, 0x0f390000, 0x104a0000)
 tenured generation   total 349568K, used 196591K [0x104a0000, 0x25a00000, 0x25a00000)
   the space 349568K,  56% used [0x104a0000, 0x1c49bf60, 0x1c49c000, 0x25a00000)
 Metaspace       used 22168K, capacity 22697K, committed 22912K, reserved 22912K
Event: 5264.900 GC heap after
Heap after GC invocations=593 (full 10):
 def new generation   total 157248K, used 17472K [0x05a00000, 0x104a0000, 0x104a0000)
  eden space 139776K,   0% used [0x05a00000, 0x05a00000, 0x0e280000)
  from space 17472K, 100% used [0x0f390000, 0x104a0000, 0x104a0000)
  to   space 17472K,   0% used [0x0e280000, 0x0e280000, 0x0f390000)
 tenured generation   total 349568K, used 230415K [0x104a0000, 0x25a00000, 0x25a00000)
   the space 349568K,  65% used [0x104a0000, 0x1e5a3dd8, 0x1e5a3e00, 0x25a00000)
 Metaspace       used 22168K, capacity 22697K, committed 22912K, reserved 22912K
}
Event: 5275.217 GC heap before
{Heap before GC invocations=593 (full 10):
 def new generation   total 157248K, used 157248K [0x05a00000, 0x104a0000, 0x104a0000)
  eden space 139776K, 100% used [0x05a00000, 0x0e280000, 0x0e280000)
  from space 17472K, 100% used [0x0f390000, 0x104a0000, 0x104a0000)
  to   space 17472K,   0% used [0x0e280000, 0x0e280000, 0x0f390000)
 tenured generation   total 349568K, used 230415K [0x104a0000, 0x25a00000, 0x25a00000)
   the space 349568K,  65% used [0x104a0000, 0x1e5a3dd8, 0x1e5a3e00, 0x25a00000)
 Metaspace       used 22168K, capacity 22697K, committed 22912K, reserved 22912K
Event: 5275.287 GC heap after
Heap after GC invocations=594 (full 10):
 def new generation   total 157248K, used 17472K [0x05a00000, 0x104a0000, 0x104a0000)
  eden space 139776K,   0% used [0x05a00000, 0x05a00000, 0x0e280000)
  from space 17472K, 100% used [0x0e280000, 0x0f390000, 0x0f390000)
  to   space 17472K,   0% used [0x0f390000, 0x0f390000, 0x104a0000)
 tenured generation   total 349568K, used 247627K [0x104a0000, 0x25a00000, 0x25a00000)
   the space 349568K,  70% used [0x104a0000, 0x1f672ec0, 0x1f673000, 0x25a00000)
 Metaspace       used 22168K, capacity 22697K, committed 22912K, reserved 22912K
}
Event: 5286.031 GC heap before
{Heap before GC invocations=594 (full 10):
 def new generation   total 157248K, used 156583K [0x05a00000, 0x104a0000, 0x104a0000)
  eden space 139776K,  99% used [0x05a00000, 0x0e1d9f90, 0x0e280000)
  from space 17472K, 100% used [0x0e280000, 0x0f390000, 0x0f390000)
  to   space 17472K,   0% used [0x0f390000, 0x0f390000, 0x104a0000)
 tenured generation   total 349568K, used 247627K [0x104a0000, 0x25a00000, 0x25a00000)
   the space 349568K,  70% used [0x104a0000, 0x1f672ec0, 0x1f673000, 0x25a00000)
 Metaspace       used 22168K, capacity 22697K, committed 22912K, reserved 22912K
Event: 5286.110 GC heap after
Heap after GC invocations=595 (full 10):
 def new generation   total 157248K, used 17472K [0x05a00000, 0x104a0000, 0x104a0000)
  eden space 139776K,   0% used [0x05a00000, 0x05a00000, 0x0e280000)
  from space 17472K, 100% used [0x0f390000, 0x104a0000, 0x104a0000)
  to   space 17472K,   0% used [0x0e280000, 0x0e280000, 0x0f390000)
 tenured generation   total 349568K, used 280508K [0x104a0000, 0x25a00000, 0x25a00000)
   the space 349568K,  80% used [0x104a0000, 0x2168f030, 0x2168f200, 0x25a00000)
 Metaspace       used 22168K, capacity 22697K, committed 22912K, reserved 22912K
}
Event: 5293.166 GC heap before
{Heap before GC invocations=595 (full 10):
 def new generation   total 157248K, used 157248K [0x05a00000, 0x104a0000, 0x104a0000)
  eden space 139776K, 100% used [0x05a00000, 0x0e280000, 0x0e280000)
  from space 17472K, 100% used [0x0f390000, 0x104a0000, 0x104a0000)
  to   space 17472K,   0% used [0x0e280000, 0x0e280000, 0x0f390000)
 tenured generation   total 349568K, used 280508K [0x104a0000, 0x25a00000, 0x25a00000)
   the space 349568K,  80% used [0x104a0000, 0x2168f030, 0x2168f200, 0x25a00000)
 Metaspace       used 22168K, capacity 22697K, committed 22912K, reserved 22912K
Event: 5293.925 GC heap after
Heap after GC invocations=596 (full 11):
 def new generation   total 157248K, used 0K [0x05a00000, 0x104a0000, 0x104a0000)
  eden space 139776K,   0% used [0x05a00000, 0x05a00000, 0x0e280000)
  from space 17472K,   0% used [0x0e280000, 0x0e280000, 0x0f390000)
  to   space 17472K,   0% used [0x0f390000, 0x0f390000, 0x104a0000)
 tenured generation   total 349568K, used 261369K [0x104a0000, 0x25a00000, 0x25a00000)
   the space 349568K,  74% used [0x104a0000, 0x203de730, 0x203de800, 0x25a00000)
 Metaspace       used 22168K, capacity 22697K, committed 22912K, reserved 22912K
}

